<?xml version="1.0" encoding="UTF-8"?>
<!-- Generated by org.testng.reporters.JUnitReportReporter -->
<testsuite skipped="0" hostname="plutosolutions" name="com.facebook.tests.fbDataProvider" tests="3" failures="0" timestamp="08 มิ.ย. 2560 09:05:01 GMT" time="0.814" errors="0">
  <testcase name="loadPage" time="0.021" classname="com.facebook.tests.fbDataProvider"/>
  <testcase name="filloutField" time="0.709" classname="com.facebook.tests.fbDataProvider"/>
  <testcase name="filloutField" time="0.084" classname="com.facebook.tests.fbDataProvider"/>
</testsuite> <!-- com.facebook.tests.fbDataProvider -->
