<?xml version="1.0" encoding="UTF-8"?>
<!-- Generated by org.testng.reporters.JUnitReportReporter -->
<testsuite skipped="0" hostname="plutosolutions" name="com.facebook.page.tests.fbSignupTest" tests="10" failures="0" timestamp="19 มิ.ย. 2560 15:59:19 GMT" time="116.031" errors="0">
  <testcase name="testSignup" time="11.377" classname="com.facebook.page.tests.fbSignupTest"/>
  <testcase name="testSignup" time="11.277" classname="com.facebook.page.tests.fbSignupTest"/>
  <testcase name="testSignup" time="11.613" classname="com.facebook.page.tests.fbSignupTest"/>
  <testcase name="testSignup" time="12.137" classname="com.facebook.page.tests.fbSignupTest"/>
  <testcase name="testSignup" time="12.496" classname="com.facebook.page.tests.fbSignupTest"/>
  <testcase name="testSignup" time="11.937" classname="com.facebook.page.tests.fbSignupTest"/>
  <testcase name="testSignup" time="11.760" classname="com.facebook.page.tests.fbSignupTest"/>
  <testcase name="testSignup" time="10.408" classname="com.facebook.page.tests.fbSignupTest"/>
  <testcase name="testSignup" time="11.402" classname="com.facebook.page.tests.fbSignupTest"/>
  <testcase name="testSignup" time="11.624" classname="com.facebook.page.tests.fbSignupTest"/>
</testsuite> <!-- com.facebook.page.tests.fbSignupTest -->
