<?xml version="1.0" encoding="UTF-8"?>
<!-- Generated by org.testng.reporters.JUnitReportReporter -->
<testsuite skipped="0" hostname="plutosolutions" name="com.cookie.tests.CookieTest" tests="4" failures="0" timestamp="19 มิ.ย. 2560 03:00:44 GMT" time="32.262" errors="0">
  <testcase name="dropDownToSpanishTest" time="4.180" classname="com.cookie.tests.CookieTest"/>
  <testcase name="addSpanishCookieTest" time="4.780" classname="com.cookie.tests.CookieTest"/>
  <testcase name="addEnglishCookieTest" time="8.236" classname="com.cookie.tests.CookieTest"/>
  <testcase name="deleteSpanishCookieBackToEnglishTest" time="15.066" classname="com.cookie.tests.CookieTest"/>
</testsuite> <!-- com.cookie.tests.CookieTest -->
