<?xml version="1.0" encoding="UTF-8"?>
<!-- Generated by org.testng.reporters.JUnitReportReporter -->
<testsuite skipped="0" hostname="plutosolutions" name="com.facebook.pagefactory.tests.fbFactoryDataProviderTest" tests="3" failures="0" timestamp="17 มิ.ย. 2560 06:26:07 GMT" time="16.663" errors="0">
  <testcase name="testSignup" time="5.566" classname="com.facebook.pagefactory.tests.fbFactoryDataProviderTest"/>
  <testcase name="testSignup" time="5.863" classname="com.facebook.pagefactory.tests.fbFactoryDataProviderTest"/>
  <testcase name="testSignup" time="5.234" classname="com.facebook.pagefactory.tests.fbFactoryDataProviderTest"/>
</testsuite> <!-- com.facebook.pagefactory.tests.fbFactoryDataProviderTest -->
