<?xml version="1.0" encoding="UTF-8"?>
<!-- Generated by org.testng.reporters.JUnitReportReporter -->
<testsuite skipped="0" hostname="plutosolutions" name="com.facebook.pageobject.tests.fbLoginPomTest" tests="3" failures="0" timestamp="16 มิ.ย. 2560 04:36:55 GMT" time="3.633" errors="0">
  <testcase name="loadPage" time="2.847" classname="com.facebook.pageobject.tests.fbLoginPomTest"/>
  <testcase name="filloutPasswordField" time="0.600" classname="com.facebook.pageobject.tests.fbLoginPomTest"/>
  <testcase name="filloutEmailField" time="0.186" classname="com.facebook.pageobject.tests.fbLoginPomTest"/>
</testsuite> <!-- com.facebook.pageobject.tests.fbLoginPomTest -->
