<?xml version="1.0" encoding="UTF-8"?>
<!-- Generated by org.testng.reporters.JUnitReportReporter -->
<testsuite skipped="0" hostname="plutosolutions" name="com.facebook.pagefactory.tests.fbParametersTests" tests="1" failures="0" timestamp="16 มิ.ย. 2560 07:44:39 GMT" time="14.012" errors="0">
  <testcase name="testLoginFacebook" time="14.012" classname="com.facebook.pagefactory.tests.fbParametersTests"/>
</testsuite> <!-- com.facebook.pagefactory.tests.fbParametersTests -->
