<?xml version="1.0" encoding="UTF-8"?>
<!-- Generated by org.testng.reporters.JUnitReportReporter -->
<testsuite skipped="0" hostname="plutosolutions" name="com.facebook.pagefactory.tests.FacebookLoginPageFactoryTest" tests="1" failures="0" timestamp="10 มิ.ย. 2560 08:38:57 GMT" time="0.011" errors="0">
  <testcase name="testLoginFacebook" time="0.011" classname="com.facebook.pagefactory.tests.FacebookLoginPageFactoryTest"/>
</testsuite> <!-- com.facebook.pagefactory.tests.FacebookLoginPageFactoryTest -->
