<?xml version="1.0" encoding="UTF-8"?>
<!-- Generated by org.testng.reporters.JUnitReportReporter -->
<testsuite skipped="0" hostname="plutosolutions" name="com.facebook.pageobject.tests.pomFacebookLoginTest" tests="3" failures="0" timestamp="08 มิ.ย. 2560 11:47:42 GMT" time="0.792" errors="0">
  <testcase name="loadPage" time="0.037" classname="com.facebook.pageobject.tests.pomFacebookLoginTest"/>
  <testcase name="filloutEmailField" time="0.675" classname="com.facebook.pageobject.tests.pomFacebookLoginTest"/>
  <testcase name="filloutPasswordField" time="0.080" classname="com.facebook.pageobject.tests.pomFacebookLoginTest"/>
</testsuite> <!-- com.facebook.pageobject.tests.pomFacebookLoginTest -->
