<?xml version="1.0" encoding="UTF-8"?>
<!-- Generated by org.testng.reporters.JUnitReportReporter -->
<testsuite skipped="0" hostname="plutosolutions" name="com.facebook.tests.fbLoginPomTest" tests="3" failures="0" timestamp="10 มิ.ย. 2560 08:43:31 GMT" time="0.962" errors="0">
  <testcase name="loadPage" time="0.039" classname="com.facebook.tests.fbLoginPomTest"/>
  <testcase name="filloutEmailField" time="0.185" classname="com.facebook.tests.fbLoginPomTest"/>
  <testcase name="filloutPasswordField" time="0.738" classname="com.facebook.tests.fbLoginPomTest"/>
</testsuite> <!-- com.facebook.tests.fbLoginPomTest -->
