<?xml version="1.0" encoding="UTF-8"?>
<!-- Generated by org.testng.reporters.JUnitReportReporter -->
<testsuite skipped="0" hostname="plutosolutions" name="com.facebook.page.tests.fbLogoutTest" tests="1" failures="0" timestamp="20 มิ.ย. 2560 14:29:24 GMT" time="36.043" errors="0">
  <testcase name="testLoginFacebook" time="36.043" classname="com.facebook.page.tests.fbLogoutTest"/>
</testsuite> <!-- com.facebook.page.tests.fbLogoutTest -->
