<?xml version="1.0" encoding="UTF-8"?>
<!-- Generated by org.testng.reporters.JUnitReportReporter -->
<testsuite skipped="0" hostname="plutosolutions" name="com.facebook.pagefactory.tests.fbSignupTest" tests="4" failures="0" timestamp="18 มิ.ย. 2560 19:05:04 GMT" time="47.344" errors="0">
  <testcase name="testSignup" time="12.483" classname="com.facebook.pagefactory.tests.fbSignupTest"/>
  <testcase name="testSignup" time="11.536" classname="com.facebook.pagefactory.tests.fbSignupTest"/>
  <testcase name="testSignupDefault" time="11.643" classname="com.facebook.pagefactory.tests.fbSignupTest"/>
  <testcase name="testSignup" time="11.682" classname="com.facebook.pagefactory.tests.fbSignupTest"/>
</testsuite> <!-- com.facebook.pagefactory.tests.fbSignupTest -->
