<?xml version="1.0" encoding="UTF-8"?>
<!-- Generated by org.testng.reporters.JUnitReportReporter -->
<testsuite skipped="0" hostname="plutosolutions" name="com.facebook.LoginTest" tests="3" failures="0" timestamp="06 มิ.ย. 2560 08:49:42 GMT" time="0.922" errors="0">
  <testcase name="loadPage" time="0.038" classname="com.facebook.LoginTest"/>
  <testcase name="filloutEmailField" time="0.755" classname="com.facebook.LoginTest"/>
  <testcase name="filloutPasswordField" time="0.129" classname="com.facebook.LoginTest"/>
</testsuite> <!-- com.facebook.LoginTest -->
