<?xml version="1.0" encoding="UTF-8"?>
<!-- Generated by org.testng.reporters.JUnitReportReporter -->
<testsuite skipped="0" hostname="plutosolutions" name="com.facebook.tests.fbLoginPageFactoryTest" tests="1" failures="0" timestamp="10 มิ.ย. 2560 15:18:25 GMT" time="3.040" errors="0">
  <testcase name="testLoginFacebook" time="3.040" classname="com.facebook.tests.fbLoginPageFactoryTest"/>
</testsuite> <!-- com.facebook.tests.fbLoginPageFactoryTest -->
