<?xml version="1.0" encoding="UTF-8"?>
<!-- Generated by org.testng.reporters.JUnitReportReporter -->
<testsuite skipped="0" hostname="plutosolutions" name="com.facebook.tests.fbLoginPageFactoryDataProviderTest" tests="3" failures="0" timestamp="15 มิ.ย. 2560 10:24:10 GMT" time="41.780" errors="0">
  <testcase name="testLoginFacebook" time="17.175" classname="com.facebook.tests.fbLoginPageFactoryDataProviderTest"/>
  <testcase name="testSignupPage" time="11.842" classname="com.facebook.tests.fbLoginPageFactoryDataProviderTest"/>
  <testcase name="testLoginFacebook" time="12.763" classname="com.facebook.tests.fbLoginPageFactoryDataProviderTest"/>
</testsuite> <!-- com.facebook.tests.fbLoginPageFactoryDataProviderTest -->
