<?xml version="1.0" encoding="UTF-8"?>
<!-- Generated by org.testng.reporters.JUnitReportReporter -->
<testsuite skipped="0" hostname="plutosolutions" name="selenium.facebook.pages.tests.fbSignupTest" tests="10" failures="0" timestamp="22 มิ.ย. 2560 13:29:19 GMT" time="171.093" errors="0">
  <testcase name="testSignup" time="17.758" classname="selenium.facebook.pages.tests.fbSignupTest"/>
  <testcase name="testSignup" time="16.100" classname="selenium.facebook.pages.tests.fbSignupTest"/>
  <testcase name="testSignup" time="17.294" classname="selenium.facebook.pages.tests.fbSignupTest"/>
  <testcase name="testSignup" time="19.950" classname="selenium.facebook.pages.tests.fbSignupTest"/>
  <testcase name="testSignup" time="16.775" classname="selenium.facebook.pages.tests.fbSignupTest"/>
  <testcase name="testSignup" time="17.588" classname="selenium.facebook.pages.tests.fbSignupTest"/>
  <testcase name="testSignup" time="16.872" classname="selenium.facebook.pages.tests.fbSignupTest"/>
  <testcase name="testSignup" time="16.498" classname="selenium.facebook.pages.tests.fbSignupTest"/>
  <testcase name="testSignup" time="15.986" classname="selenium.facebook.pages.tests.fbSignupTest"/>
  <testcase name="testSignup" time="16.272" classname="selenium.facebook.pages.tests.fbSignupTest"/>
</testsuite> <!-- selenium.facebook.pages.tests.fbSignupTest -->
