<?xml version="1.0" encoding="UTF-8"?>
<!-- Generated by org.testng.reporters.JUnitReportReporter -->
<testsuite skipped="0" hostname="plutosolutions" name="com.facebook.pageobject.tests.FacebookLoginPomTest" tests="3" failures="0" timestamp="09 มิ.ย. 2560 06:37:11 GMT" time="1.020" errors="0">
  <testcase name="loadPage" time="0.084" classname="com.facebook.pageobject.tests.FacebookLoginPomTest"/>
  <testcase name="filloutEmailField" time="0.863" classname="com.facebook.pageobject.tests.FacebookLoginPomTest"/>
  <testcase name="filloutPasswordField" time="0.073" classname="com.facebook.pageobject.tests.FacebookLoginPomTest"/>
</testsuite> <!-- com.facebook.pageobject.tests.FacebookLoginPomTest -->
