<?xml version="1.0" encoding="UTF-8"?>
<!-- Generated by org.testng.reporters.JUnitReportReporter -->
<testsuite skipped="0" hostname="plutosolutions" name="com.facebook.tests.fbTest" tests="1" failures="0" timestamp="10 มิ.ย. 2560 08:49:49 GMT" time="0.009" errors="0">
  <testcase name="test" time="0.009" classname="com.facebook.tests.fbTest"/>
</testsuite> <!-- com.facebook.tests.fbTest -->
