<?xml version="1.0" encoding="UTF-8"?>
<!-- Generated by org.testng.reporters.JUnitReportReporter -->
<testsuite skipped="0" hostname="plutosolutions" name="com.facebook.pagefactory.tests.fbLogoutTest" tests="1" failures="0" timestamp="19 มิ.ย. 2560 12:42:14 GMT" time="24.858" errors="0">
  <testcase name="testLoginFacebook" time="24.858" classname="com.facebook.pagefactory.tests.fbLogoutTest"/>
</testsuite> <!-- com.facebook.pagefactory.tests.fbLogoutTest -->
