<?xml version="1.0" encoding="UTF-8"?>
<!-- Generated by org.testng.reporters.JUnitReportReporter -->
<testsuite skipped="0" hostname="plutosolutions" name="com.facebook.pagefactory.tests.fbLoginTest" tests="1" failures="0" timestamp="16 มิ.ย. 2560 15:53:49 GMT" time="7.751" errors="0">
  <testcase name="testLoginFacebook" time="7.751" classname="com.facebook.pagefactory.tests.fbLoginTest"/>
</testsuite> <!-- com.facebook.pagefactory.tests.fbLoginTest -->
