<?xml version="1.0" encoding="UTF-8"?>
<!-- Generated by org.testng.reporters.JUnitReportReporter -->
<testsuite skipped="0" hostname="plutosolutions" name="selenium.facebook.pages.tests.fbLoginTest" tests="1" failures="0" timestamp="08 Dec 2017 13:25:47 GMT" time="10.221" errors="0">
  <testcase name="testLoginFacebook" time="10.221" classname="selenium.facebook.pages.tests.fbLoginTest"/>
</testsuite> <!-- selenium.facebook.pages.tests.fbLoginTest -->
