<?xml version="1.0" encoding="UTF-8"?>
<!-- Generated by org.testng.reporters.JUnitReportReporter -->
<testsuite skipped="0" hostname="plutosolutions" name="com.facebook.fbLoginTest" tests="3" failures="0" timestamp="06 มิ.ย. 2560 08:57:43 GMT" time="1.274" errors="0">
  <testcase name="loadPage" time="1.018" classname="com.facebook.fbLoginTest"/>
  <testcase name="filloutEmailField" time="0.177" classname="com.facebook.fbLoginTest"/>
  <testcase name="filloutPasswordField" time="0.079" classname="com.facebook.fbLoginTest"/>
</testsuite> <!-- com.facebook.fbLoginTest -->
