<?xml version="1.0" encoding="UTF-8"?>
<!-- Generated by org.testng.reporters.JUnitReportReporter -->
<testsuite skipped="0" hostname="plutosolutions" name="com.facebook.pagefactory.tests.fbSignupFlowFactoryDataProviderTest" tests="3" failures="0" timestamp="16 มิ.ย. 2560 16:51:45 GMT" time="16.231" errors="0">
  <testcase name="testSignup" time="5.539" classname="com.facebook.pagefactory.tests.fbSignupFlowFactoryDataProviderTest"/>
  <testcase name="testSignup" time="5.316" classname="com.facebook.pagefactory.tests.fbSignupFlowFactoryDataProviderTest"/>
  <testcase name="testSignup" time="5.376" classname="com.facebook.pagefactory.tests.fbSignupFlowFactoryDataProviderTest"/>
</testsuite> <!-- com.facebook.pagefactory.tests.fbSignupFlowFactoryDataProviderTest -->
