<?xml version="1.0" encoding="UTF-8"?>
<!-- Generated by org.testng.reporters.JUnitReportReporter -->
<testsuite skipped="0" hostname="plutosolutions" name="com.facebook.tests.fbGroupTest" tests="3" failures="0" timestamp="08 มิ.ย. 2560 08:43:24 GMT" time="1.525" errors="0">
  <testcase name="loadPage" time="0.020" classname="com.facebook.tests.fbGroupTest"/>
  <testcase name="filloutEmailField" time="1.403" classname="com.facebook.tests.fbGroupTest"/>
  <testcase name="filloutPasswordField" time="0.102" classname="com.facebook.tests.fbGroupTest"/>
</testsuite> <!-- com.facebook.tests.fbGroupTest -->
