<?xml version="1.0" encoding="UTF-8"?>
<!-- Generated by org.testng.reporters.JUnitReportReporter -->
<testsuite skipped="0" hostname="plutosolutions" name="com.facebook.page.tests.fbLoginTest" tests="1" failures="0" timestamp="20 มิ.ย. 2560 07:09:58 GMT" time="10.238" errors="0">
  <testcase name="testLoginFacebook" time="10.238" classname="com.facebook.page.tests.fbLoginTest"/>
</testsuite> <!-- com.facebook.page.tests.fbLoginTest -->
