<?xml version="1.0" encoding="UTF-8"?>
<!-- Generated by org.testng.reporters.JUnitReportReporter -->
<testsuite skipped="0" hostname="plutosolutions" name="com.facebook.fbGroupTest" tests="3" failures="0" timestamp="06 มิ.ย. 2560 09:21:30 GMT" time="1.115" errors="0">
  <testcase name="loadPage" time="0.835" classname="com.facebook.fbGroupTest"/>
  <testcase name="filloutEmailField" time="0.174" classname="com.facebook.fbGroupTest"/>
  <testcase name="filloutPasswordField" time="0.106" classname="com.facebook.fbGroupTest"/>
</testsuite> <!-- com.facebook.fbGroupTest -->
